<?xml version="1.0" encoding="UTF-8"?>
<!-- Generated by org.testng.reporters.JUnitReportReporter -->
<testsuite skipped="0" hostname="DESKTOP-N6KKGVO" name="sel.testdemo" tests="1" failures="0" timestamp="2022-07-22T12:13:28 IST" time="10.610" errors="0">
  <testcase name="f" time="10.610" classname="sel.testdemo"/>
  <system-out/>
</testsuite> <!-- sel.testdemo -->
